Arguments: 
  C:\Program Files\nodejs\node.exe C:\Users\Adedamola\AppData\Roaming\npm\node_modules\yarn\bin\yarn.js

PATH: 
  C:\Python39\Scripts\;C:\Python39\;C:\Program Files (x86)\Common Files\Oracle\Java\javapath;C:\Windows\system32;C:\Windows;C:\Windows\System32\Wbem;C:\Windows\System32\WindowsPowerShell\v1.0\;C:\Windows\System32\OpenSSH\;C:\Program Files\nodejs\;C:\ProgramData\chocolatey\bin;C:\Program Files\Git\cmd;C:\Program Files\MongoDB\Server\4.4\bin;C:\Program Files\MongoDB\Tools\100\bin;C:\Program Files\Java\jdk1.8.0_291\bin;C:\Users\Adedamola\Downloads\ngrok;C:\Users\Adedamola\AppData\Local\Microsoft\WindowsApps;C:\Users\Adedamola\AppData\Local\Programs\Microsoft VS Code\bin;C:\Users\Adedamola\AppData\Roaming\npm;C:\Users\Adedamola\AppData\Local\Android\Sdk\platform-tools;C:\Users\Adedamola\Downloads\ngrok;

Yarn version: 
  1.22.10

Node version: 
  14.16.0

Platform: 
  win32 x64

Trace: 
  Error: EPERM: operation not permitted, unlink 'C:\Users\Adedamola\Desktop\Apps\flicker_delivery_api\node_modules\bcrypt\lib\binding\napi-v3\bcrypt_lib.node'

npm manifest: 
  {
    "name": "flicker_delivery_api",
    "version": "1.0.0",
    "description": "",
    "main": "index.js",
    "scripts": {
      "test": "echo \"Error: no test specified\" && exit 1"
    },
    "keywords": [],
    "author": "",
    "license": "ISC",
    "dependencies": {
      "bcrypt": "^5.0.1",
      "config": "^1.29.4",
      "express": "^4.17.1",
      "fawn": "^2.1.5",
      "joi": "^13.1.0",
      "joi-objectid": "^2.0.0",
      "jsonwebtoken": "^8.1.1",
      "lodash": "^4.17.4",
      "moment": "^2.29.1",
      "mongoose": "^5.0.2"
    }
  }

yarn manifest: 
  No manifest

Lockfile: 
  No lockfile
